<?xml version="1.0" encoding="UTF-8" ?>
<testsuite errors="0" failures="0" hostname="BlackbirdA" name="serie1.CountEqualsTest" tests="5" time="0.121" timestamp="2014-10-25T18:32:57">
  <properties>
    <property name="java.vendor" value="Oracle Corporation" />
    <property name="sun.java.launcher" value="SUN_STANDARD" />
    <property name="sun.management.compiler" value="HotSpot 64-Bit Tiered Compilers" />
    <property name="https.proxyHost" value="192.168.120.1" />
    <property name="os.name" value="Mac OS X" />
    <property name="sun.boot.class.path" value="/Library/Java/JavaVirtualMachines/jdk1.8.0_25.jdk/Contents/Home/jre/lib/resources.jar:/Library/Java/JavaVirtualMachines/jdk1.8.0_25.jdk/Contents/Home/jre/lib/rt.jar:/Library/Java/JavaVirtualMachines/jdk1.8.0_25.jdk/Contents/Home/jre/lib/sunrsasign.jar:/Library/Java/JavaVirtualMachines/jdk1.8.0_25.jdk/Contents/Home/jre/lib/jsse.jar:/Library/Java/JavaVirtualMachines/jdk1.8.0_25.jdk/Contents/Home/jre/lib/jce.jar:/Library/Java/JavaVirtualMachines/jdk1.8.0_25.jdk/Contents/Home/jre/lib/charsets.jar:/Library/Java/JavaVirtualMachines/jdk1.8.0_25.jdk/Contents/Home/jre/lib/jfr.jar:/Library/Java/JavaVirtualMachines/jdk1.8.0_25.jdk/Contents/Home/jre/classes" />
    <property name="user.country.format" value="PT" />
    <property name="java.vm.specification.vendor" value="Oracle Corporation" />
    <property name="ant.home" value="/Applications/IntelliJ IDEA 13 CE.app/Contents/lib/ant" />
    <property name="java.runtime.version" value="1.8.0_25-b17" />
    <property name="http.proxyPort" value="3128" />
    <property name="user.name" value="fa" />
    <property name="socksProxyHost" value="192.168.120.1" />
    <property name="user.language" value="en" />
    <property name="sun.boot.library.path" value="/Library/Java/JavaVirtualMachines/jdk1.8.0_25.jdk/Contents/Home/jre/lib" />
    <property name="ant.project.default-target" value="test" />
    <property name="ant.project.name" value="aed" />
    <property name="java.version" value="1.8.0_25" />
    <property name="user.timezone" value="Europe/Lisbon" />
    <property name="sun.arch.data.model" value="64" />
    <property name="http.nonProxyHosts" value="local|*.local|169.254/16|*.169.254/16" />
    <property name="java.endorsed.dirs" value="/Library/Java/JavaVirtualMachines/jdk1.8.0_25.jdk/Contents/Home/jre/lib/endorsed" />
    <property name="sun.cpu.isalist" value="" />
    <property name="sun.jnu.encoding" value="UTF-8" />
    <property name="file.encoding.pkg" value="sun.io" />
    <property name="file.separator" value="/" />
    <property name="java.specification.name" value="Java Platform API Specification" />
    <property name="java.class.version" value="52.0" />
    <property name="target-apps" value="/Users/fa/IdeaProjects/AED/target/apps" />
    <property name="user.country" value="US" />
    <property name="java.home" value="/Library/Java/JavaVirtualMachines/jdk1.8.0_25.jdk/Contents/Home/jre" />
    <property name="java.vm.info" value="mixed mode" />
    <property name="ant.file.aed" value="/Users/fa/IdeaProjects/AED/build.xml" />
    <property name="ant.file" value="/Users/fa/IdeaProjects/AED/build.xml" />
    <property name="os.version" value="10.10" />
    <property name="https.proxyPort" value="3128" />
    <property name="ftp.proxyHost" value="192.168.120.1" />
    <property name="path.separator" value=":" />
    <property name="java.vm.version" value="25.25-b02" />
    <property name="ant.library.dir" value="/Applications/IntelliJ IDEA 13 CE.app/Contents/lib/ant/lib" />
    <property name="java.awt.printerjob" value="sun.lwawt.macosx.CPrinterJob" />
    <property name="sun.io.unicode.encoding" value="UnicodeBig" />
    <property name="src-main" value="/Users/fa/IdeaProjects/AED/main/java" />
    <property name="awt.toolkit" value="sun.lwawt.macosx.LWCToolkit" />
    <property name="socksNonProxyHosts" value="local|*.local|169.254/16|*.169.254/16" />
    <property name="ftp.nonProxyHosts" value="local|*.local|169.254/16|*.169.254/16" />
    <property name="target-classes" value="/Users/fa/IdeaProjects/AED/target/classes" />
    <property name="target-test-reports" value="/Users/fa/IdeaProjects/AED/target/test-reports" />
    <property name="user.home" value="/Users/fa" />
    <property name="socksProxyPort" value="1080" />
    <property name="src-apps" value="/Users/fa/IdeaProjects/AED/main/apps" />
    <property name="target" value="/Users/fa/IdeaProjects/AED/target" />
    <property name="java.specification.vendor" value="Oracle Corporation" />
    <property name="java.library.path" value="/Users/fa/Library/Java/Extensions:/Library/Java/Extensions:/Network/Library/Java/Extensions:/System/Library/Java/Extensions:/usr/lib/java:." />
    <property name="java.vendor.url" value="http://java.oracle.com/" />
    <property name="java.vm.vendor" value="Oracle Corporation" />
    <property name="gopherProxySet" value="false" />
    <property name="java.runtime.name" value="Java(TM) SE Runtime Environment" />
    <property name="sun.java.command" value="org.apache.tools.ant.taskdefs.optional.junit.JUnitTestRunner serie1.CountEqualsTest filtertrace=true haltOnError=false haltOnFailure=false formatter=org.apache.tools.ant.taskdefs.optional.junit.SummaryJUnitResultFormatter showoutput=true outputtoformatters=true logfailedtests=true logtestlistenerevents=false formatter=org.apache.tools.ant.taskdefs.optional.junit.PlainJUnitResultFormatter,/Users/fa/IdeaProjects/AED/target/test-reports/TEST-serie1.CountEqualsTest.txt formatter=org.apache.tools.ant.taskdefs.optional.junit.XMLJUnitResultFormatter,/Users/fa/IdeaProjects/AED/target/test-reports/TEST-serie1.CountEqualsTest.xml formatter=org.apache.tools.ant.taskdefs.optional.junit.PlainJUnitResultFormatter crashfile=/Users/fa/IdeaProjects/AED/junitvmwatcher2184115067146469742.properties propsfile=/Users/fa/IdeaProjects/AED/junit8206339606946968130.properties" />
    <property name="java.class.path" value="/Users/fa/IdeaProjects/AED/target/classes:/Users/fa/IdeaProjects/AED/target/test-classes:/Users/fa/IdeaProjects/AED/vendor/main/lib/junit-4.8.1.jar:/Applications/IntelliJ IDEA 13 CE.app/Contents/lib/ant/lib/ant-launcher.jar:/Applications/IntelliJ IDEA 13 CE.app/Contents/lib/ant/lib/ant.jar:/Applications/IntelliJ IDEA 13 CE.app/Contents/lib/ant/lib/ant-junit.jar" />
    <property name="ant.version" value="Apache Ant(TM) version 1.8.2 compiled on December 20 2010" />
    <property name="target-test-classes" value="/Users/fa/IdeaProjects/AED/target/test-classes" />
    <property name="java.vm.specification.name" value="Java Virtual Machine Specification" />
    <property name="ant.file.type" value="file" />
    <property name="java.vm.specification.version" value="1.8" />
    <property name="sun.cpu.endian" value="little" />
    <property name="sun.os.patch.level" value="unknown" />
    <property name="java.io.tmpdir" value="/var/folders/tt/vjqyqbm963jfbyb6p98yhk4h0000gn/T/" />
    <property name="ant.file.type.aed" value="file" />
    <property name="java.vendor.url.bug" value="http://bugreport.sun.com/bugreport/" />
    <property name="http.proxyHost" value="192.168.120.1" />
    <property name="os.arch" value="x86_64" />
    <property name="java.awt.graphicsenv" value="sun.awt.CGraphicsEnvironment" />
    <property name="java.ext.dirs" value="/Users/fa/Library/Java/Extensions:/Library/Java/JavaVirtualMachines/jdk1.8.0_25.jdk/Contents/Home/jre/lib/ext:/Library/Java/Extensions:/Network/Library/Java/Extensions:/System/Library/Java/Extensions:/usr/lib/java" />
    <property name="ftp.proxyPort" value="3128" />
    <property name="user.dir" value="/Users/fa/IdeaProjects/AED" />
    <property name="line.separator" value="&#xa;" />
    <property name="java.vm.name" value="Java HotSpot(TM) 64-Bit Server VM" />
    <property name="basedir" value="/Users/fa/IdeaProjects/AED" />
    <property name="ant.java.version" value="1.7" />
    <property name="ant.core.lib" value="/Applications/IntelliJ IDEA 13 CE.app/Contents/lib/ant/lib/ant.jar" />
    <property name="file.encoding" value="UTF-8" />
    <property name="src-test" value="/Users/fa/IdeaProjects/AED/test/java" />
    <property name="java.specification.version" value="1.8" />
    <property name="ant.project.invoked-targets" value="test" />
  </properties>
  <testcase classname="serie1.CountEqualsTest" name="countEquals_OnBothEmptyArrays" time="0.025" />
  <testcase classname="serie1.CountEqualsTest" name="countEquals_OnAnArraysWithOneEqualElementInTheMiddle" time="0.0" />
  <testcase classname="serie1.CountEqualsTest" name="countEquals_OnAnArraysWithOneEqualElementInTheFront" time="0.001" />
  <testcase classname="serie1.CountEqualsTest" name="countEquals_OnAnArraysWithOneEqualElementInTheEnd" time="0.0" />
  <testcase classname="serie1.CountEqualsTest" name="countEquals_OnAnArraysWithSomeEqualElements" time="0.001" />
  <system-out><![CDATA[]]></system-out>
  <system-err><![CDATA[]]></system-err>
</testsuite>
